<?xml version="1.0" encoding="UTF-8"?>
<testsuite xmlns:xsi="http://www.w3.org/2001/XMLSchema-instance" xsi:noNamespaceSchemaLocation="https://maven.apache.org/surefire/maven-surefire-plugin/xsd/surefire-test-report.xsd" name="com.revolut.resources.transferResourceIT" time="0.613" tests="2" errors="0" skipped="0" failures="0">
  <properties>
[...]
</properties>
  <testcase name="test_getTransfer" classname="com.revolut.resources.transferResourceIT" time="0.071"/>
  <testcase name="test_transferFunds" classname="com.revolut.resources.transferResourceIT" time="0.171"/>
</testsuite>